<?xml version="1.0" encoding="UTF-8"?>
<!-- Generated by org.testng.reporters.JUnitXMLReporter -->
<testsuite hostname="DESKTOP-SFK9UNH" ignored="2" name="Default test" tests="1" failures="0" timestamp="2019-11-25T22:14:06 IST" time="34.455" errors="0">
  <testcase name="VerifyCampaignNAme" time="19.526" classname="com.crm.campaign.VerifyNewCampaign"/>
  <testcase name="verifyCampaign" time="0.0" classname="com.crm.campaign.VerifyNewCampaign">
    <ignored/>
  </testcase> <!-- verifyCampaign -->
  <testcase name="verifyClickNewCamp" time="0.0" classname="com.crm.campaign.VerifyNewCampaign">
    <ignored/>
  </testcase> <!-- verifyClickNewCamp -->
</testsuite> <!-- Default test -->
