<?xml version="1.0" encoding="UTF-8"?>
<testng-results skipped="0" failed="0" ignored="2" total="3" passed="1">
  <reporter-output>
    <line>
      <![CDATA[Zoho CRM - Sign in]]>
    </line>
    <line>
      <![CDATA[Login Page is verified, PASSED]]>
    </line>
    <line>
      <![CDATA[Home Page is verified, PASSED]]>
    </line>
  </reporter-output>
  <suite name="Default suite" duration-ms="34455" started-at="2019-11-25T22:13:31 IST" finished-at="2019-11-25T22:14:06 IST">
    <groups>
    </groups>
    <test name="Default test" duration-ms="34455" started-at="2019-11-25T22:13:31 IST" finished-at="2019-11-25T22:14:06 IST">
      <class name="com.crm.campaign.VerifyNewCampaign">
        <test-method status="PASS" signature="openBrowser()[pri:0, instance:com.crm.campaign.VerifyNewCampaign@5b87ed94]" name="openBrowser" is-config="true" duration-ms="13251" started-at="2019-11-25T22:13:31 IST" finished-at="2019-11-25T22:13:44 IST">
          <reporter-output>
            <line>
              <![CDATA[Zoho CRM - Sign in]]>
            </line>
            <line>
              <![CDATA[Login Page is verified, PASSED]]>
            </line>
          </reporter-output>
        </test-method> <!-- openBrowser -->
        <test-method status="PASS" signature="loginToApp()[pri:0, instance:com.crm.campaign.VerifyNewCampaign@5b87ed94]" name="loginToApp" is-config="true" duration-ms="1615" started-at="2019-11-25T22:13:44 IST" finished-at="2019-11-25T22:13:46 IST">
          <reporter-output>
            <line>
              <![CDATA[Home Page is verified, PASSED]]>
            </line>
          </reporter-output>
        </test-method> <!-- loginToApp -->
        <test-method status="PASS" signature="VerifyCampaignNAme()[pri:0, instance:com.crm.campaign.VerifyNewCampaign@5b87ed94]" name="VerifyCampaignNAme" duration-ms="19526" started-at="2019-11-25T22:13:46 IST" finished-at="2019-11-25T22:14:06 IST">
          <reporter-output>
          </reporter-output>
        </test-method> <!-- VerifyCampaignNAme -->
      </class> <!-- com.crm.campaign.VerifyNewCampaign -->
    </test> <!-- Default test -->
  </suite> <!-- Default suite -->
</testng-results>
